0 info it worked if it ends with ok
1 verbose cli [ 'node', '/usr/local/bin/npm', 'install', '-g', 'topojson' ]
2 info using npm@1.4.28
3 info using node@v0.10.33
4 verbose cache add [ 'topojson', null ]
5 verbose cache add name=undefined spec="topojson" args=["topojson",null]
6 verbose parsed url { protocol: null,
6 verbose parsed url   slashes: null,
6 verbose parsed url   auth: null,
6 verbose parsed url   host: null,
6 verbose parsed url   port: null,
6 verbose parsed url   hostname: null,
6 verbose parsed url   hash: null,
6 verbose parsed url   search: null,
6 verbose parsed url   query: null,
6 verbose parsed url   pathname: 'topojson',
6 verbose parsed url   path: 'topojson',
6 verbose parsed url   href: 'topojson' }
7 silly lockFile 947c2103-topojson topojson
8 verbose lock topojson /Users/shafiab/.npm/947c2103-topojson.lock
9 silly lockFile 947c2103-topojson topojson
10 silly lockFile 947c2103-topojson topojson
11 verbose addNamed [ 'topojson', '' ]
12 verbose addNamed [ null, '*' ]
13 silly lockFile 7edf76d6-topojson topojson@
14 verbose lock topojson@ /Users/shafiab/.npm/7edf76d6-topojson.lock
15 silly addNameRange { name: 'topojson', range: '*', hasData: false }
16 verbose request where is /topojson
17 verbose request registry https://registry.npmjs.org/
18 verbose request id 343f10ed0292660b
19 verbose url raw /topojson
20 verbose url resolving [ 'https://registry.npmjs.org/', './topojson' ]
21 verbose url resolved https://registry.npmjs.org/topojson
22 verbose request where is https://registry.npmjs.org/topojson
23 info trying registry request attempt 1 at 22:13:43
24 verbose etag "6IISF42ANVV65UM1ISK48N7CV"
25 http GET https://registry.npmjs.org/topojson
26 http 304 https://registry.npmjs.org/topojson
27 silly registry.get cb [ 304,
27 silly registry.get   { date: 'Sat, 15 Nov 2014 06:13:43 GMT',
27 silly registry.get     server: 'Apache',
27 silly registry.get     via: '1.1 varnish',
27 silly registry.get     'last-modified': 'Sat, 15 Nov 2014 06:13:43 GMT',
27 silly registry.get     'cache-control': 'max-age=60',
27 silly registry.get     etag: '"6IISF42ANVV65UM1ISK48N7CV"',
27 silly registry.get     age: '0',
27 silly registry.get     'x-served-by': 'cache-lax1431-LAX',
27 silly registry.get     'x-cache': 'HIT',
27 silly registry.get     'x-cache-hits': '1',
27 silly registry.get     'x-timer': 'S1416032023.634330,VS0,VE307',
27 silly registry.get     vary: 'Accept',
27 silly registry.get     'content-length': '0',
27 silly registry.get     'keep-alive': 'timeout=10, max=50',
27 silly registry.get     connection: 'Keep-Alive' } ]
28 verbose etag https://registry.npmjs.org/topojson from cache
29 silly addNameRange number 2 { name: 'topojson', range: '*', hasData: true }
30 silly addNameRange versions [ 'topojson',
30 silly addNameRange   [ '0.0.1',
30 silly addNameRange     '0.0.2',
30 silly addNameRange     '0.0.4',
30 silly addNameRange     '0.0.5',
30 silly addNameRange     '0.0.6',
30 silly addNameRange     '0.0.7',
30 silly addNameRange     '0.0.8',
30 silly addNameRange     '0.0.9',
30 silly addNameRange     '0.0.10',
30 silly addNameRange     '0.0.11',
30 silly addNameRange     '0.0.12',
30 silly addNameRange     '0.0.13',
30 silly addNameRange     '0.0.14',
30 silly addNameRange     '0.0.15',
30 silly addNameRange     '0.0.16',
30 silly addNameRange     '0.0.17',
30 silly addNameRange     '0.0.18',
30 silly addNameRange     '0.0.19',
30 silly addNameRange     '0.0.20',
30 silly addNameRange     '0.0.21',
30 silly addNameRange     '0.0.23',
30 silly addNameRange     '0.0.24',
30 silly addNameRange     '0.0.25',
30 silly addNameRange     '0.0.26',
30 silly addNameRange     '0.0.27',
30 silly addNameRange     '0.0.28',
30 silly addNameRange     '0.0.29',
30 silly addNameRange     '0.0.30',
30 silly addNameRange     '0.0.31',
30 silly addNameRange     '0.0.32',
30 silly addNameRange     '0.0.33',
30 silly addNameRange     '0.0.34',
30 silly addNameRange     '0.0.35',
30 silly addNameRange     '0.0.36',
30 silly addNameRange     '0.0.37',
30 silly addNameRange     '0.0.38',
30 silly addNameRange     '0.0.39',
30 silly addNameRange     '1.0.0',
30 silly addNameRange     '1.1.0',
30 silly addNameRange     '1.1.1',
30 silly addNameRange     '1.1.2',
30 silly addNameRange     '1.1.3',
30 silly addNameRange     '1.1.4',
30 silly addNameRange     '1.1.5',
30 silly addNameRange     '1.1.6',
30 silly addNameRange     '1.2.0',
30 silly addNameRange     '1.2.1',
30 silly addNameRange     '1.2.2',
30 silly addNameRange     '1.2.3',
30 silly addNameRange     '1.3.0',
30 silly addNameRange     '1.4.0',
30 silly addNameRange     '1.4.1',
30 silly addNameRange     '1.4.2',
30 silly addNameRange     '1.4.3',
30 silly addNameRange     '1.4.4',
30 silly addNameRange     '1.4.5',
30 silly addNameRange     '1.4.6',
30 silly addNameRange     '1.4.7',
30 silly addNameRange     '1.4.8',
30 silly addNameRange     '1.4.9',
30 silly addNameRange     '1.5.0',
30 silly addNameRange     '1.5.1',
30 silly addNameRange     '1.5.2',
30 silly addNameRange     '1.5.3',
30 silly addNameRange     '1.5.4',
30 silly addNameRange     '1.6.0',
30 silly addNameRange     '1.6.1',
30 silly addNameRange     '1.6.2',
30 silly addNameRange     '1.6.3',
30 silly addNameRange     '1.6.4',
30 silly addNameRange     '1.6.5',
30 silly addNameRange     '1.6.6',
30 silly addNameRange     '1.6.7',
30 silly addNameRange     '1.6.8',
30 silly addNameRange     '1.6.9',
30 silly addNameRange     '1.6.10',
30 silly addNameRange     '1.6.11',
30 silly addNameRange     '1.6.12',
30 silly addNameRange     '1.6.13',
30 silly addNameRange     '1.6.14',
30 silly addNameRange     '1.6.15',
30 silly addNameRange     '1.6.16',
30 silly addNameRange     '1.6.17',
30 silly addNameRange     '1.6.18' ] ]
31 verbose addNamed [ 'topojson', '1.6.18' ]
32 verbose addNamed [ '1.6.18', '1.6.18' ]
33 silly lockFile 6242d4b4-topojson-1-6-18 topojson@1.6.18
34 verbose lock topojson@1.6.18 /Users/shafiab/.npm/6242d4b4-topojson-1-6-18.lock
35 silly lockFile 6242d4b4-topojson-1-6-18 topojson@1.6.18
36 silly lockFile 6242d4b4-topojson-1-6-18 topojson@1.6.18
37 silly lockFile 7edf76d6-topojson topojson@
38 silly lockFile 7edf76d6-topojson topojson@
39 silly resolved [ { name: 'topojson',
39 silly resolved     version: '1.6.18',
39 silly resolved     description: 'An extension to GeoJSON that encodes topology.',
39 silly resolved     keywords: [ 'geojson', 'shapefile' ],
39 silly resolved     author: { name: 'Mike Bostock', url: 'http://bost.ocks.org/mike' },
39 silly resolved     repository: { type: 'git', url: 'https://github.com/mbostock/topojson.git' },
39 silly resolved     main: 'index.js',
39 silly resolved     browser: 'topojson.js',
39 silly resolved     dependencies:
39 silly resolved      { d3: '3',
39 silly resolved        'd3-geo-projection': '0.2',
39 silly resolved        optimist: '0.3',
39 silly resolved        'queue-async': '1.0',
39 silly resolved        rw: '0.1',
39 silly resolved        shapefile: '0.3' },
39 silly resolved     devDependencies:
39 silly resolved      { vows: '0.7',
39 silly resolved        'uglify-js': '2',
39 silly resolved        'us-atlas': '0.0',
39 silly resolved        'world-atlas': '0.0' },
39 silly resolved     bin:
39 silly resolved      { topojson: './bin/topojson',
39 silly resolved        'topojson-geojson': './bin/topojson-geojson',
39 silly resolved        'topojson-group': './bin/topojson-group',
39 silly resolved        'topojson-merge': './bin/topojson-merge',
39 silly resolved        'topojson-svg': './bin/topojson-svg' },
39 silly resolved     scripts: { test: 'vows; echo' },
39 silly resolved     gitHead: '834e274f0f08622cc8f76dbfdb3417dd3a716236',
39 silly resolved     bugs: { url: 'https://github.com/mbostock/topojson/issues' },
39 silly resolved     homepage: 'https://github.com/mbostock/topojson',
39 silly resolved     _id: 'topojson@1.6.18',
39 silly resolved     _shasum: '23f4284a605aaf813d22d7a825903f0d8757007a',
39 silly resolved     _from: 'topojson@',
39 silly resolved     _npmVersion: '2.0.0-alpha-5',
39 silly resolved     _npmUser: { name: 'mbostock', email: 'mbostock@gmail.com' },
39 silly resolved     maintainers: [ [Object], [Object] ],
39 silly resolved     dist:
39 silly resolved      { shasum: '23f4284a605aaf813d22d7a825903f0d8757007a',
39 silly resolved        tarball: 'http://registry.npmjs.org/topojson/-/topojson-1.6.18.tgz' },
39 silly resolved     directories: {},
39 silly resolved     _resolved: 'https://registry.npmjs.org/topojson/-/topojson-1.6.18.tgz',
39 silly resolved     readme: 'ERROR: No README data found!' } ]
40 info install topojson@1.6.18 into /usr/local/lib
41 info installOne topojson@1.6.18
42 verbose lib/node_modules/topojson unbuild
43 verbose tar unpack /Users/shafiab/.npm/topojson/1.6.18/package.tgz
44 silly lockFile 48c3cdf9--local-lib-node-modules-topojson tar:///usr/local/lib/node_modules/topojson
45 verbose lock tar:///usr/local/lib/node_modules/topojson /Users/shafiab/.npm/48c3cdf9--local-lib-node-modules-topojson.lock
46 silly lockFile d5220158--npm-topojson-1-6-18-package-tgz tar:///Users/shafiab/.npm/topojson/1.6.18/package.tgz
47 verbose lock tar:///Users/shafiab/.npm/topojson/1.6.18/package.tgz /Users/shafiab/.npm/d5220158--npm-topojson-1-6-18-package-tgz.lock
48 silly gunzTarPerm modes [ '755', '644' ]
49 error Error: EACCES, mkdir '/usr/local/lib/node_modules/topojson'
49 error  { [Error: EACCES, mkdir '/usr/local/lib/node_modules/topojson']
49 error   errno: 3,
49 error   code: 'EACCES',
49 error   path: '/usr/local/lib/node_modules/topojson',
49 error   fstream_type: 'Directory',
49 error   fstream_path: '/usr/local/lib/node_modules/topojson',
49 error   fstream_class: 'DirWriter',
49 error   fstream_stack:
49 error    [ '/usr/local/lib/node_modules/npm/node_modules/fstream/lib/dir-writer.js:36:23',
49 error      '/usr/local/lib/node_modules/npm/node_modules/mkdirp/index.js:46:53',
49 error      'Object.oncomplete (fs.js:107:15)' ] }
50 error Please try running this command again as root/Administrator.
51 error System Darwin 14.0.0
52 error command "node" "/usr/local/bin/npm" "install" "-g" "topojson"
53 error cwd /Users/shafiab/cs224w/Topo/ne_110m_admin_0_countries
54 error node -v v0.10.33
55 error npm -v 1.4.28
56 error path /usr/local/lib/node_modules/topojson
57 error fstream_path /usr/local/lib/node_modules/topojson
58 error fstream_type Directory
59 error fstream_class DirWriter
60 error code EACCES
61 error errno 3
62 error stack Error: EACCES, mkdir '/usr/local/lib/node_modules/topojson'
63 error fstream_stack /usr/local/lib/node_modules/npm/node_modules/fstream/lib/dir-writer.js:36:23
63 error fstream_stack /usr/local/lib/node_modules/npm/node_modules/mkdirp/index.js:46:53
63 error fstream_stack Object.oncomplete (fs.js:107:15)
64 verbose exit [ 3, true ]
